  main.c
c:\users\andré rodrigues\desktop\remake\fakesuperv2\ramekwork\main.c(42): warning C4244: 'function': conversion from 'time_t' to 'unsigned int', possible loss of data
c:\users\andré rodrigues\desktop\remake\fakesuperv2\ramekwork\main.c(92): warning C4013: 'toupper' undefined; assuming extern returning int
c:\users\andré rodrigues\desktop\remake\fakesuperv2\ramekwork\main.c(102): warning C4047: 'function': 'char' differs in levels of indirection from 'char [2]'
c:\users\andré rodrigues\desktop\remake\fakesuperv2\ramekwork\main.c(102): warning C4024: 'GeraJogos': different types for formal and actual parameter 1
c:\users\andré rodrigues\desktop\remake\fakesuperv2\ramekwork\main.c(85): warning C4477: 'scanf' : format string '%c' requires an argument of type 'char *', but variadic argument 1 has type 'int'
c:\users\andré rodrigues\desktop\remake\fakesuperv2\ramekwork\main.c(46): warning C4101: 'tentativa': unreferenced local variable
c:\users\andré rodrigues\desktop\remake\fakesuperv2\ramekwork\main.c(128): warning C4129: ' ': unrecognized character escape sequence
c:\users\andré rodrigues\desktop\remake\fakesuperv2\ramekwork\main.c(321): warning C4244: '=': conversion from 'double' to 'float', possible loss of data
c:\users\andré rodrigues\desktop\remake\fakesuperv2\ramekwork\main.c(455): warning C4244: '=': conversion from 'double' to 'float', possible loss of data
c:\users\andré rodrigues\desktop\remake\fakesuperv2\ramekwork\main.c(456): warning C4244: '=': conversion from 'double' to 'float', possible loss of data
c:\users\andré rodrigues\desktop\remake\fakesuperv2\ramekwork\main.c(457): warning C4244: '=': conversion from 'double' to 'float', possible loss of data
c:\users\andré rodrigues\desktop\remake\fakesuperv2\ramekwork\main.c(458): warning C4244: '=': conversion from 'double' to 'float', possible loss of data
c:\users\andré rodrigues\desktop\remake\fakesuperv2\ramekwork\main.c(613): warning C4047: 'initializing': 'char' differs in levels of indirection from 'char [2]'
c:\users\andré rodrigues\desktop\remake\fakesuperv2\ramekwork\main.c(826): warning C4244: '=': conversion from 'double' to 'float', possible loss of data
c:\users\andré rodrigues\desktop\remake\fakesuperv2\ramekwork\main.c(827): warning C4244: '=': conversion from 'double' to 'float', possible loss of data
c:\users\andré rodrigues\desktop\remake\fakesuperv2\ramekwork\main.c(828): warning C4244: '=': conversion from 'double' to 'float', possible loss of data
c:\users\andré rodrigues\desktop\remake\fakesuperv2\ramekwork\main.c(829): warning C4244: '=': conversion from 'double' to 'float', possible loss of data
c:\users\andré rodrigues\desktop\remake\fakesuperv2\ramekwork\main.c(1010): warning C4244: '=': conversion from 'double' to 'float', possible loss of data
c:\users\andré rodrigues\desktop\remake\fakesuperv2\ramekwork\main.c(1011): warning C4244: '=': conversion from 'double' to 'float', possible loss of data
c:\users\andré rodrigues\desktop\remake\fakesuperv2\ramekwork\main.c(1012): warning C4244: '=': conversion from 'double' to 'float', possible loss of data
c:\users\andré rodrigues\desktop\remake\fakesuperv2\ramekwork\main.c(1013): warning C4244: '=': conversion from 'double' to 'float', possible loss of data
c:\users\andré rodrigues\desktop\remake\fakesuperv2\ramekwork\main.c(1024): warning C4244: '=': conversion from 'double' to 'float', possible loss of data
c:\users\andré rodrigues\desktop\remake\fakesuperv2\ramekwork\main.c(1025): warning C4244: '=': conversion from 'double' to 'float', possible loss of data
c:\users\andré rodrigues\desktop\remake\fakesuperv2\ramekwork\main.c(1026): warning C4244: '=': conversion from 'double' to 'float', possible loss of data
c:\users\andré rodrigues\desktop\remake\fakesuperv2\ramekwork\main.c(957): warning C4101: 'lista2': unreferenced local variable
c:\users\andré rodrigues\desktop\remake\fakesuperv2\ramekwork\main.c(85): warning C4700: uninitialized local variable 'modalidade' used
c:\users\andré rodrigues\desktop\remake\fakesuperv2\ramekwork\main.c(1046): warning C4715: 'GeraEstatistica': not all control paths return a value
LINK : fatal error LNK1168: cannot open C:\Users\André Rodrigues\Desktop\Remake\FakeSuperV2\Debug\RamekWork.exe for writing
