  main.c
main.c(46): warning C4244: 'function': conversion from 'time_t' to 'unsigned int', possible loss of data
main.c(152): warning C4305: 'function': truncation from 'double' to 'float'
main.c(152): warning C4020: 'jogar': too many actual parameters
main.c(153): warning C4305: 'function': truncation from 'double' to 'float'
main.c(153): warning C4020: 'jogar': too many actual parameters
main.c(39): warning C4101: 'Equipa12': unreferenced local variable
main.c(39): warning C4101: 'Equipa4': unreferenced local variable
main.c(42): warning C4101: 'SaldoDisponivel': unreferenced local variable
main.c(39): warning C4101: 'Equipa6': unreferenced local variable
main.c(42): warning C4101: 'ValorApostado': unreferenced local variable
main.c(39): warning C4101: 'Equipa10': unreferenced local variable
main.c(39): warning C4101: 'Equipa3': unreferenced local variable
main.c(45): warning C4101: 'modalidade': unreferenced local variable
main.c(40): warning C4101: 'JogosEscolhidos': unreferenced local variable
main.c(39): warning C4101: 'Equipa5': unreferenced local variable
main.c(51): warning C4101: 'jogo2': unreferenced local variable
main.c(39): warning C4101: 'Equipa15': unreferenced local variable
main.c(43): warning C4101: 'VezesQueAposta': unreferenced local variable
main.c(43): warning C4101: 'i': unreferenced local variable
main.c(42): warning C4101: 'ValorApostadoIndividual': unreferenced local variable
main.c(39): warning C4101: 'Equipa9': unreferenced local variable
main.c(39): warning C4101: 'Equipa8': unreferenced local variable
main.c(39): warning C4101: 'Equipa7': unreferenced local variable
main.c(39): warning C4101: 'Equipa16': unreferenced local variable
main.c(39): warning C4101: 'Equipa13': unreferenced local variable
main.c(39): warning C4101: 'Equipa11': unreferenced local variable
main.c(41): warning C4101: 'ResultadoEscolhido': unreferenced local variable
main.c(39): warning C4101: 'Equipa14': unreferenced local variable
main.c(186): warning C4129: ' ': unrecognized character escape sequence
main.c(339): warning C4013: 'toupper' undefined; assuming extern returning int
main.c(379): warning C4244: '=': conversion from 'double' to 'float', possible loss of data
main.c(399): warning C4244: '=': conversion from 'double' to 'float', possible loss of data
main.c(529): warning C4244: '=': conversion from 'double' to 'float', possible loss of data
main.c(530): warning C4244: '=': conversion from 'double' to 'float', possible loss of data
main.c(531): warning C4244: '=': conversion from 'double' to 'float', possible loss of data
main.c(532): warning C4244: '=': conversion from 'double' to 'float', possible loss of data
main.c(938): warning C4244: '=': conversion from 'double' to 'float', possible loss of data
main.c(939): warning C4244: '=': conversion from 'double' to 'float', possible loss of data
main.c(940): warning C4244: '=': conversion from 'double' to 'float', possible loss of data
main.c(941): warning C4244: '=': conversion from 'double' to 'float', possible loss of data
main.c(1158): warning C4244: '=': conversion from 'double' to 'float', possible loss of data
main.c(1159): warning C4244: '=': conversion from 'double' to 'float', possible loss of data
main.c(1160): warning C4244: '=': conversion from 'double' to 'float', possible loss of data
main.c(1161): warning C4244: '=': conversion from 'double' to 'float', possible loss of data
main.c(1172): warning C4244: '=': conversion from 'double' to 'float', possible loss of data
main.c(1173): warning C4244: '=': conversion from 'double' to 'float', possible loss of data
main.c(1174): warning C4244: '=': conversion from 'double' to 'float', possible loss of data
main.c(1105): warning C4101: 'lista2': unreferenced local variable
  Generating code
c:\users\moises\cnewwork\fakesuperv2\ramekwork\main.c(59): warning C4700: uninitialized local variable 'Equipa2' used
c:\users\moises\cnewwork\fakesuperv2\ramekwork\main.c(59): warning C4700: uninitialized local variable 'Equipa1' used
  1 of 24 functions ( 4.2%) were compiled, the rest were copied from previous compilation.
    0 functions were new in current compilation
    1 functions had inline decision re-evaluated but remain unchanged
  Finished generating code
  RamekWork.vcxproj -> C:\Users\Moises\CnewWork\FakeSuperV2\Release\RamekWork.exe
  RamekWork.vcxproj -> C:\Users\Moises\CnewWork\FakeSuperV2\Release\RamekWork.pdb (Full PDB)
